[ 2017-04-20T10:12:29+08:00 ] 127.0.0.1 /
INFO: [ app_init ] --START--
INFO: Run Behavior\BuildLiteBehavior [ RunTime:0.000000s ]
INFO: [ app_init ] --END-- [ RunTime:0.022001s ]
INFO: [ app_begin ] --START--
INFO: Run Behavior\ReadHtmlCacheBehavior [ RunTime:0.013001s ]
INFO: [ app_begin ] --END-- [ RunTime:0.013001s ]
INFO: [ view_parse ] --START--
INFO: [ template_filter ] --START--
INFO: Run Behavior\ContentReplaceBehavior [ RunTime:0.014001s ]
INFO: [ template_filter ] --END-- [ RunTime:0.014001s ]
INFO: Run Behavior\ParseTemplateBehavior [ RunTime:0.052003s ]
INFO: [ view_parse ] --END-- [ RunTime:0.052003s ]
INFO: [ view_filter ] --START--
INFO: Run Behavior\WriteHtmlCacheBehavior [ RunTime:0.001000s ]
INFO: [ view_filter ] --END-- [ RunTime:0.001000s ]
INFO: [ app_end ] --START--
INFO: Run Behavior\ShowPageTraceBehavior [ RunTime:0.002000s ]
INFO: [ app_end ] --END-- [ RunTime:0.002000s ]

[ 2017-04-20T15:57:03+08:00 ] 127.0.0.1 /admin.php?m=&&c=login
INFO: [ app_init ] --START--
INFO: Run Behavior\BuildLiteBehavior [ RunTime:0.000000s ]
INFO: [ app_init ] --END-- [ RunTime:0.000000s ]
INFO: [ app_begin ] --START--
INFO: Run Behavior\ReadHtmlCacheBehavior [ RunTime:0.000000s ]
INFO: [ app_begin ] --END-- [ RunTime:0.000000s ]
ERR: 无法加载控制器:Login

[ 2017-04-20T15:58:26+08:00 ] 127.0.0.1 /admin.php?m=&&c=login
INFO: [ app_init ] --START--
INFO: Run Behavior\BuildLiteBehavior [ RunTime:0.000000s ]
INFO: [ app_init ] --END-- [ RunTime:0.001000s ]
INFO: [ app_begin ] --START--
INFO: Run Behavior\ReadHtmlCacheBehavior [ RunTime:0.001000s ]
INFO: [ app_begin ] --END-- [ RunTime:0.001000s ]
ERR: 无法加载控制器:Login

[ 2017-04-20T15:59:01+08:00 ] 127.0.0.1 /admin.php?m=&
INFO: [ app_init ] --START--
INFO: Run Behavior\BuildLiteBehavior [ RunTime:0.000000s ]
INFO: [ app_init ] --END-- [ RunTime:0.001000s ]
INFO: [ app_begin ] --START--
INFO: Run Behavior\ReadHtmlCacheBehavior [ RunTime:0.000000s ]
INFO: [ app_begin ] --END-- [ RunTime:0.000000s ]
INFO: [ view_parse ] --START--
INFO: [ template_filter ] --START--
INFO: Run Behavior\ContentReplaceBehavior [ RunTime:0.000000s ]
INFO: [ template_filter ] --END-- [ RunTime:0.000000s ]
INFO: Run Behavior\ParseTemplateBehavior [ RunTime:0.005000s ]
INFO: [ view_parse ] --END-- [ RunTime:0.005000s ]
INFO: [ view_filter ] --START--
INFO: Run Behavior\WriteHtmlCacheBehavior [ RunTime:0.001000s ]
INFO: [ view_filter ] --END-- [ RunTime:0.001000s ]
INFO: [ app_end ] --START--
INFO: Run Behavior\ShowPageTraceBehavior [ RunTime:0.000000s ]
INFO: [ app_end ] --END-- [ RunTime:0.000000s ]

[ 2017-04-20T15:59:10+08:00 ] 127.0.0.1 /admin.php?m=&
INFO: [ app_init ] --START--
INFO: Run Behavior\BuildLiteBehavior [ RunTime:0.000000s ]
INFO: [ app_init ] --END-- [ RunTime:0.000000s ]
INFO: [ app_begin ] --START--
INFO: Run Behavior\ReadHtmlCacheBehavior [ RunTime:0.000000s ]
INFO: [ app_begin ] --END-- [ RunTime:0.000000s ]
INFO: [ view_parse ] --START--
INFO: [ template_filter ] --START--
INFO: Run Behavior\ContentReplaceBehavior [ RunTime:0.000000s ]
INFO: [ template_filter ] --END-- [ RunTime:0.001000s ]
INFO: Run Behavior\ParseTemplateBehavior [ RunTime:0.005000s ]
INFO: [ view_parse ] --END-- [ RunTime:0.005000s ]
INFO: [ view_filter ] --START--
INFO: Run Behavior\WriteHtmlCacheBehavior [ RunTime:0.000000s ]
INFO: [ view_filter ] --END-- [ RunTime:0.000000s ]
INFO: [ app_end ] --START--
INFO: Run Behavior\ShowPageTraceBehavior [ RunTime:0.001000s ]
INFO: [ app_end ] --END-- [ RunTime:0.001000s ]

[ 2017-04-20T16:42:57+08:00 ] 127.0.0.1 /admin.php?m=&&c=login
INFO: [ app_init ] --START--
INFO: Run Behavior\BuildLiteBehavior [ RunTime:0.000000s ]
INFO: [ app_init ] --END-- [ RunTime:0.000000s ]
INFO: [ app_begin ] --START--
INFO: Run Behavior\ReadHtmlCacheBehavior [ RunTime:0.000000s ]
INFO: [ app_begin ] --END-- [ RunTime:0.000000s ]
ERR: 无法加载控制器:Login

[ 2017-04-20T16:44:30+08:00 ] 127.0.0.1 /admin.php?m=&&c=login
INFO: [ app_init ] --START--
INFO: Run Behavior\BuildLiteBehavior [ RunTime:0.000000s ]
INFO: [ app_init ] --END-- [ RunTime:0.001000s ]
INFO: [ app_begin ] --START--
INFO: Run Behavior\ReadHtmlCacheBehavior [ RunTime:0.001000s ]
INFO: [ app_begin ] --END-- [ RunTime:0.001000s ]
ERR: 无法加载控制器:Login

[ 2017-04-20T16:46:23+08:00 ] 127.0.0.1 /admin.php?m=&&c=login
INFO: [ app_init ] --START--
INFO: Run Behavior\BuildLiteBehavior [ RunTime:0.000000s ]
INFO: [ app_init ] --END-- [ RunTime:0.001000s ]
INFO: [ app_begin ] --START--
INFO: Run Behavior\ReadHtmlCacheBehavior [ RunTime:0.001000s ]
INFO: [ app_begin ] --END-- [ RunTime:0.001000s ]
ERR: 无法加载控制器:Login

[ 2017-04-20T16:47:37+08:00 ] 127.0.0.1 /admin.php?m=&
INFO: [ app_init ] --START--
INFO: Run Behavior\BuildLiteBehavior [ RunTime:0.000000s ]
INFO: [ app_init ] --END-- [ RunTime:0.000000s ]
INFO: [ app_begin ] --START--
INFO: Run Behavior\ReadHtmlCacheBehavior [ RunTime:0.000000s ]
INFO: [ app_begin ] --END-- [ RunTime:0.000000s ]
INFO: [ view_parse ] --START--
INFO: [ template_filter ] --START--
INFO: Run Behavior\ContentReplaceBehavior [ RunTime:0.000000s ]
INFO: [ template_filter ] --END-- [ RunTime:0.000000s ]
INFO: Run Behavior\ParseTemplateBehavior [ RunTime:0.005001s ]
INFO: [ view_parse ] --END-- [ RunTime:0.005001s ]
INFO: [ view_filter ] --START--
INFO: Run Behavior\WriteHtmlCacheBehavior [ RunTime:0.000000s ]
INFO: [ view_filter ] --END-- [ RunTime:0.000000s ]
INFO: [ app_end ] --START--
INFO: Run Behavior\ShowPageTraceBehavior [ RunTime:0.001000s ]
INFO: [ app_end ] --END-- [ RunTime:0.001000s ]

[ 2017-04-20T16:47:40+08:00 ] 127.0.0.1 /admin.php?m=&
INFO: [ app_init ] --START--
INFO: Run Behavior\BuildLiteBehavior [ RunTime:0.000000s ]
INFO: [ app_init ] --END-- [ RunTime:0.000000s ]
INFO: [ app_begin ] --START--
INFO: Run Behavior\ReadHtmlCacheBehavior [ RunTime:0.000000s ]
INFO: [ app_begin ] --END-- [ RunTime:0.000000s ]
INFO: [ view_parse ] --START--
INFO: [ template_filter ] --START--
INFO: Run Behavior\ContentReplaceBehavior [ RunTime:0.000000s ]
INFO: [ template_filter ] --END-- [ RunTime:0.000000s ]
INFO: Run Behavior\ParseTemplateBehavior [ RunTime:0.004000s ]
INFO: [ view_parse ] --END-- [ RunTime:0.004000s ]
INFO: [ view_filter ] --START--
INFO: Run Behavior\WriteHtmlCacheBehavior [ RunTime:0.000000s ]
INFO: [ view_filter ] --END-- [ RunTime:0.000000s ]
INFO: [ app_end ] --START--
INFO: Run Behavior\ShowPageTraceBehavior [ RunTime:0.001000s ]
INFO: [ app_end ] --END-- [ RunTime:0.001000s ]

[ 2017-04-20T16:47:53+08:00 ] 127.0.0.1 /admin.php?m=&
INFO: [ app_init ] --START--
INFO: Run Behavior\BuildLiteBehavior [ RunTime:0.000000s ]
INFO: [ app_init ] --END-- [ RunTime:0.000000s ]
INFO: [ app_begin ] --START--
INFO: Run Behavior\ReadHtmlCacheBehavior [ RunTime:0.000000s ]
INFO: [ app_begin ] --END-- [ RunTime:0.000000s ]
INFO: [ view_parse ] --START--
INFO: [ template_filter ] --START--
INFO: Run Behavior\ContentReplaceBehavior [ RunTime:0.000000s ]
INFO: [ template_filter ] --END-- [ RunTime:0.000000s ]
INFO: Run Behavior\ParseTemplateBehavior [ RunTime:0.004000s ]
INFO: [ view_parse ] --END-- [ RunTime:0.004000s ]
INFO: [ view_filter ] --START--
INFO: Run Behavior\WriteHtmlCacheBehavior [ RunTime:0.000000s ]
INFO: [ view_filter ] --END-- [ RunTime:0.000000s ]
INFO: [ app_end ] --START--
INFO: Run Behavior\ShowPageTraceBehavior [ RunTime:0.001000s ]
INFO: [ app_end ] --END-- [ RunTime:0.001000s ]

[ 2017-04-20T16:48:02+08:00 ] 127.0.0.1 /admin.php?m=&
INFO: [ app_init ] --START--
INFO: Run Behavior\BuildLiteBehavior [ RunTime:0.000000s ]
INFO: [ app_init ] --END-- [ RunTime:0.000000s ]
INFO: [ app_begin ] --START--
INFO: Run Behavior\ReadHtmlCacheBehavior [ RunTime:0.000000s ]
INFO: [ app_begin ] --END-- [ RunTime:0.001000s ]
INFO: [ view_parse ] --START--
INFO: [ template_filter ] --START--
INFO: Run Behavior\ContentReplaceBehavior [ RunTime:0.000000s ]
INFO: [ template_filter ] --END-- [ RunTime:0.000000s ]
INFO: Run Behavior\ParseTemplateBehavior [ RunTime:0.006001s ]
INFO: [ view_parse ] --END-- [ RunTime:0.006001s ]
INFO: [ view_filter ] --START--
INFO: Run Behavior\WriteHtmlCacheBehavior [ RunTime:0.000000s ]
INFO: [ view_filter ] --END-- [ RunTime:0.000000s ]
INFO: [ app_end ] --START--
INFO: Run Behavior\ShowPageTraceBehavior [ RunTime:0.001000s ]
INFO: [ app_end ] --END-- [ RunTime:0.001000s ]

[ 2017-04-20T16:48:33+08:00 ] 127.0.0.1 /admin.php?m=&
INFO: [ app_init ] --START--
INFO: Run Behavior\BuildLiteBehavior [ RunTime:0.000000s ]
INFO: [ app_init ] --END-- [ RunTime:0.000000s ]
INFO: [ app_begin ] --START--
INFO: Run Behavior\ReadHtmlCacheBehavior [ RunTime:0.001000s ]
INFO: [ app_begin ] --END-- [ RunTime:0.001000s ]
INFO: [ view_parse ] --START--
INFO: [ template_filter ] --START--
INFO: Run Behavior\ContentReplaceBehavior [ RunTime:0.000000s ]
INFO: [ template_filter ] --END-- [ RunTime:0.000000s ]
INFO: Run Behavior\ParseTemplateBehavior [ RunTime:0.007000s ]
INFO: [ view_parse ] --END-- [ RunTime:0.007000s ]
INFO: [ view_filter ] --START--
INFO: Run Behavior\WriteHtmlCacheBehavior [ RunTime:0.001001s ]
INFO: [ view_filter ] --END-- [ RunTime:0.001001s ]
INFO: [ app_end ] --START--
INFO: Run Behavior\ShowPageTraceBehavior [ RunTime:0.000000s ]
INFO: [ app_end ] --END-- [ RunTime:0.000000s ]

[ 2017-04-20T16:49:59+08:00 ] 127.0.0.1 /admin.php?m=&
INFO: [ app_init ] --START--
INFO: Run Behavior\BuildLiteBehavior [ RunTime:0.000000s ]
INFO: [ app_init ] --END-- [ RunTime:0.001000s ]
INFO: [ app_begin ] --START--
INFO: Run Behavior\ReadHtmlCacheBehavior [ RunTime:0.000000s ]
INFO: [ app_begin ] --END-- [ RunTime:0.000000s ]
INFO: [ view_parse ] --START--
INFO: [ template_filter ] --START--
INFO: Run Behavior\ContentReplaceBehavior [ RunTime:0.000000s ]
INFO: [ template_filter ] --END-- [ RunTime:0.000000s ]
INFO: Run Behavior\ParseTemplateBehavior [ RunTime:0.005000s ]
INFO: [ view_parse ] --END-- [ RunTime:0.005000s ]
INFO: [ view_filter ] --START--
INFO: Run Behavior\WriteHtmlCacheBehavior [ RunTime:0.000000s ]
INFO: [ view_filter ] --END-- [ RunTime:0.000000s ]
INFO: [ app_end ] --START--
INFO: Run Behavior\ShowPageTraceBehavior [ RunTime:0.000000s ]
INFO: [ app_end ] --END-- [ RunTime:0.000000s ]

[ 2017-04-20T16:51:18+08:00 ] 127.0.0.1 /admin.php?m=&&c=index
INFO: [ app_init ] --START--
INFO: Run Behavior\BuildLiteBehavior [ RunTime:0.000000s ]
INFO: [ app_init ] --END-- [ RunTime:0.001000s ]
INFO: [ app_begin ] --START--
INFO: Run Behavior\ReadHtmlCacheBehavior [ RunTime:0.001000s ]
INFO: [ app_begin ] --END-- [ RunTime:0.001000s ]
INFO: [ view_parse ] --START--
INFO: [ template_filter ] --START--
INFO: Run Behavior\ContentReplaceBehavior [ RunTime:0.000000s ]
INFO: [ template_filter ] --END-- [ RunTime:0.000000s ]
INFO: Run Behavior\ParseTemplateBehavior [ RunTime:0.006001s ]
INFO: [ view_parse ] --END-- [ RunTime:0.006001s ]
INFO: [ view_filter ] --START--
INFO: Run Behavior\WriteHtmlCacheBehavior [ RunTime:0.001000s ]
INFO: [ view_filter ] --END-- [ RunTime:0.001000s ]
INFO: [ app_end ] --START--
INFO: Run Behavior\ShowPageTraceBehavior [ RunTime:0.000000s ]
INFO: [ app_end ] --END-- [ RunTime:0.000000s ]

[ 2017-04-20T16:52:29+08:00 ] 127.0.0.1 /admin.php?m=&&c=login
INFO: [ app_init ] --START--
INFO: Run Behavior\BuildLiteBehavior [ RunTime:0.000000s ]
INFO: [ app_init ] --END-- [ RunTime:0.000000s ]
INFO: [ app_begin ] --START--
INFO: Run Behavior\ReadHtmlCacheBehavior [ RunTime:0.001000s ]
INFO: [ app_begin ] --END-- [ RunTime:0.001000s ]
ERR: 无法加载控制器:Login

[ 2017-04-20T17:16:46+08:00 ] 127.0.0.1 /admin.php?m=&&c=login
INFO: [ app_init ] --START--
INFO: Run Behavior\BuildLiteBehavior [ RunTime:0.000000s ]
INFO: [ app_init ] --END-- [ RunTime:0.000000s ]
INFO: [ app_begin ] --START--
INFO: Run Behavior\ReadHtmlCacheBehavior [ RunTime:0.000000s ]
INFO: [ app_begin ] --END-- [ RunTime:0.001000s ]
ERR: 无法加载控制器:Login

[ 2017-04-20T17:16:55+08:00 ] 127.0.0.1 /admin.php?
INFO: [ app_init ] --START--
INFO: Run Behavior\BuildLiteBehavior [ RunTime:0.000000s ]
INFO: [ app_init ] --END-- [ RunTime:0.001000s ]
INFO: [ app_begin ] --START--
INFO: Run Behavior\ReadHtmlCacheBehavior [ RunTime:0.001000s ]
INFO: [ app_begin ] --END-- [ RunTime:0.001000s ]
INFO: [ view_parse ] --START--
INFO: [ template_filter ] --START--
INFO: Run Behavior\ContentReplaceBehavior [ RunTime:0.000000s ]
INFO: [ template_filter ] --END-- [ RunTime:0.000000s ]
INFO: Run Behavior\ParseTemplateBehavior [ RunTime:0.007001s ]
INFO: [ view_parse ] --END-- [ RunTime:0.007001s ]
INFO: [ view_filter ] --START--
INFO: Run Behavior\WriteHtmlCacheBehavior [ RunTime:0.001000s ]
INFO: [ view_filter ] --END-- [ RunTime:0.001000s ]
INFO: [ app_end ] --START--
INFO: Run Behavior\ShowPageTraceBehavior [ RunTime:0.001000s ]
INFO: [ app_end ] --END-- [ RunTime:0.001000s ]

[ 2017-04-20T17:17:00+08:00 ] 127.0.0.1 /admin.php?c=login
INFO: [ app_init ] --START--
INFO: Run Behavior\BuildLiteBehavior [ RunTime:0.000000s ]
INFO: [ app_init ] --END-- [ RunTime:0.000000s ]
INFO: [ app_begin ] --START--
INFO: Run Behavior\ReadHtmlCacheBehavior [ RunTime:0.000000s ]
INFO: [ app_begin ] --END-- [ RunTime:0.000000s ]
ERR: 无法加载控制器:Login

